<?xml version="1.0" encoding="UTF-8"?>
<!-- Generated by org.testng.reporters.JUnitReportReporter -->
<testsuite skipped="0" hostname="STSPC93" name="testNgParameters.testNgParametersDemo" tests="1" failures="0" timestamp="27 Sep 2018 09:08:22 GMT" time="0.010" errors="0">
  <testcase name="test1" time="0.010" classname="testNgParameters.testNgParametersDemo"/>
</testsuite> <!-- testNgParameters.testNgParametersDemo -->
