<<<<<<< HEAD
<?xml version="1.0" encoding="UTF-8"?>
<!-- Generated by org.testng.reporters.JUnitReportReporter -->
<testsuite skipped="1" hostname="STSPC93" name="testNgIgnore.testNgIgnoreDemo" tests="2" failures="0" timestamp="27 Sep 2018 10:09:53 GMT" time="0.015" errors="0">
  <testcase name="test2" time="0.015" classname="testNgIgnore.testNgIgnoreDemo"/>
  <testcase name="test1" classname="testNgIgnore.testNgIgnoreDemo">
    <skipped/>
  </testcase> <!-- test1 -->
</testsuite> <!-- testNgIgnore.testNgIgnoreDemo -->
=======
<?xml version="1.0" encoding="UTF-8"?>
<!-- Generated by org.testng.reporters.JUnitReportReporter -->
<testsuite skipped="1" hostname="STSPC93" name="testNgIgnore.testNgIgnoreDemo" tests="2" failures="0" timestamp="27 Sep 2018 10:09:53 GMT" time="0.015" errors="0">
  <testcase name="test2" time="0.015" classname="testNgIgnore.testNgIgnoreDemo"/>
  <testcase name="test1" classname="testNgIgnore.testNgIgnoreDemo">
    <skipped/>
  </testcase> <!-- test1 -->
</testsuite> <!-- testNgIgnore.testNgIgnoreDemo -->
>>>>>>> branch 'master' of https://github.com/rampalsingh/Java.git
