<?xml version="1.0" encoding="UTF-8"?>
<!-- Generated by org.testng.reporters.JUnitReportReporter -->
<<<<<<< HEAD
<testsuite skipped="0" hostname="DESKTOP" name="parrelTestingExample.testNGParallelTestingDemo" tests="3" failures="0" timestamp="26 Sep 2018 19:49:16 GMT" time="0.046" errors="0">
  <testcase name="test3" time="0.014" classname="parrelTestingExample.testNGParallelTestingDemo"/>
  <testcase name="test1" time="0.016" classname="parrelTestingExample.testNGParallelTestingDemo"/>
  <testcase name="test2" time="0.016" classname="parrelTestingExample.testNGParallelTestingDemo"/>
=======
<testsuite skipped="0" hostname="STSPC93" name="parrelTestingExample.testNGParallelTestingDemo" tests="3" failures="0" timestamp="27 Sep 2018 09:06:41 GMT" time="0.122" errors="0">
  <testcase name="test1" time="0.060" classname="parrelTestingExample.testNGParallelTestingDemo"/>
  <testcase name="test2" time="0.060" classname="parrelTestingExample.testNGParallelTestingDemo"/>
  <testcase name="test3" time="0.002" classname="parrelTestingExample.testNGParallelTestingDemo"/>
>>>>>>> branch 'master' of https://github.com/rampalsingh/Java.git
</testsuite> <!-- parrelTestingExample.testNGParallelTestingDemo -->
