<?xml version="1.0" encoding="UTF-8"?>
<!-- Generated by org.testng.reporters.JUnitReportReporter -->
<testsuite skipped="0" hostname="DESKTOP" name="testNgGrouping.testNgGroupingDemo" tests="2" failures="0" timestamp="26 Sep 2018 19:49:37 GMT" time="0.024" errors="0">
  <testcase name="test2" time="0.008" classname="testNgGrouping.testNgGroupingDemo"/>
  <testcase name="test1" time="0.016" classname="testNgGrouping.testNgGroupingDemo"/>
</testsuite> <!-- testNgGrouping.testNgGroupingDemo -->
