<?xml version="1.0" encoding="UTF-8"?>
<!-- Generated by org.testng.reporters.JUnitReportReporter -->
<testsuite skipped="0" hostname="DESKTOP" name="testNgDependency.testNgDependencyDemo" tests="3" failures="0" timestamp="26 Sep 2018 21:20:01 GMT" time="0.024" errors="0">
  <testcase name="test3" time="0.004" classname="testNgDependency.testNgDependencyDemo"/>
  <testcase name="test2" time="0.003" classname="testNgDependency.testNgDependencyDemo"/>
  <testcase name="test4" time="0.017" classname="testNgDependency.testNgDependencyDemo"/>
</testsuite> <!-- testNgDependency.testNgDependencyDemo -->
