<?xml version="1.0" encoding="UTF-8"?>
<!-- Generated by org.testng.reporters.JUnitReportReporter -->
<<<<<<< HEAD
<<<<<<< HEAD
<testsuite skipped="0" hostname="DESKTOP" name="testNgGrouping.testNgGroupingDemo" tests="2" failures="0" timestamp="26 Sep 2018 19:49:37 GMT" time="0.024" errors="0">
  <testcase name="test2" time="0.008" classname="testNgGrouping.testNgGroupingDemo"/>
  <testcase name="test1" time="0.016" classname="testNgGrouping.testNgGroupingDemo"/>
=======
<testsuite skipped="0" hostname="STSPC93" name="testNgGrouping.testNgGroupingDemo" tests="2" failures="0" timestamp="26 Sep 2018 11:41:26 GMT" time="0.013" errors="0">
  <testcase name="test2" time="0.002" classname="testNgGrouping.testNgGroupingDemo"/>
  <testcase name="test1" time="0.011" classname="testNgGrouping.testNgGroupingDemo"/>
>>>>>>> branch 'master' of https://github.com/rampalsingh/Java.git
=======
<testsuite skipped="0" hostname="STSPC93" name="testNgGrouping.testNgGroupingDemo" tests="2" failures="0" timestamp="26 Sep 2018 11:41:26 GMT" time="0.013" errors="0">
  <testcase name="test2" time="0.002" classname="testNgGrouping.testNgGroupingDemo"/>
  <testcase name="test1" time="0.011" classname="testNgGrouping.testNgGroupingDemo"/>
>>>>>>> branch 'master' of https://github.com/rampalsingh/Java.git
</testsuite> <!-- testNgGrouping.testNgGroupingDemo -->
