<?xml version="1.0" encoding="UTF-8"?>
<!-- Generated by org.testng.reporters.JUnitReportReporter -->
<<<<<<< HEAD
<testsuite skipped="0" hostname="DESKTOP" name="testNgParameters.testNgParametersDemo" tests="1" failures="0" timestamp="26 Sep 2018 19:48:54 GMT" time="0.014" errors="0">
  <testcase name="test1" time="0.014" classname="testNgParameters.testNgParametersDemo"/>
=======
<testsuite skipped="0" hostname="STSPC93" name="testNgParameters.testNgParametersDemo" tests="1" failures="0" timestamp="27 Sep 2018 09:08:22 GMT" time="0.010" errors="0">
  <testcase name="test1" time="0.010" classname="testNgParameters.testNgParametersDemo"/>
>>>>>>> branch 'master' of https://github.com/rampalsingh/Java.git
</testsuite> <!-- testNgParameters.testNgParametersDemo -->
