<?xml version="1.0" encoding="UTF-8"?>
<!-- Generated by org.testng.reporters.JUnitReportReporter -->
<testsuite skipped="0" hostname="DESKTOP" name="parrelTestingExample.testNGParallelTestingDemo" tests="3" failures="0" timestamp="25 Sep 2018 20:45:46 GMT" time="28.117" errors="0">
  <testcase name="test3" time="0.003" classname="parrelTestingExample.testNGParallelTestingDemo"/>
  <testcase name="test2" time="13.384" classname="parrelTestingExample.testNGParallelTestingDemo"/>
  <testcase name="test1" time="14.730" classname="parrelTestingExample.testNGParallelTestingDemo"/>
</testsuite> <!-- parrelTestingExample.testNGParallelTestingDemo -->
