<?xml version="1.0" encoding="UTF-8"?>
<!-- Generated by org.testng.reporters.JUnitReportReporter -->
<testsuite skipped="0" hostname="DESKTOP" name="testNgParameters.testNgParametersDemo" tests="1" failures="0" timestamp="26 Sep 2018 19:48:54 GMT" time="0.014" errors="0">
  <testcase name="test1" time="0.014" classname="testNgParameters.testNgParametersDemo"/>
</testsuite> <!-- testNgParameters.testNgParametersDemo -->
