<?xml version="1.0" encoding="UTF-8"?>
<!-- Generated by org.testng.reporters.JUnitReportReporter -->
<testsuite skipped="0" hostname="STSPC93" name="testNgGrouping.testNgGroupingDemo" tests="2" failures="0" timestamp="26 Sep 2018 11:41:26 GMT" time="0.013" errors="0">
  <testcase name="test2" time="0.002" classname="testNgGrouping.testNgGroupingDemo"/>
  <testcase name="test1" time="0.011" classname="testNgGrouping.testNgGroupingDemo"/>
</testsuite> <!-- testNgGrouping.testNgGroupingDemo -->
